<?xml version="1.0" encoding="UTF-8"?>
<!-- Generated by org.testng.reporters.JUnitReportReporter -->
<testsuite hostname="NTP-LAP-874" failures="0" tests="2" name="com.ict.scripts.jaison.LogInTestCases" time="8.423" errors="0" timestamp="2022-12-15T20:54:41 IST" skipped="0">
  <testcase classname="com.ict.scripts.jaison.LogInTestCases" name="loginWithInValidData" time="4.308"/>
  <system-out/>
  <testcase classname="com.ict.scripts.jaison.LogInTestCases" name="loginWithValidData" time="4.115"/>
  <system-out/>
</testsuite> <!-- com.ict.scripts.jaison.LogInTestCases -->
